0 info it worked if it ends with ok
1 verbose cli [ 'node', '/usr/local/bin/npm', 'start' ]
2 info using npm@3.8.3
3 info using node@v0.10.32
4 verbose run-script [ 'prestart', 'start', 'poststart' ]
5 info lifecycle react-ingredients@1.0.0~prestart: react-ingredients@1.0.0
6 silly lifecycle react-ingredients@1.0.0~prestart: no script for prestart, continuing
7 info lifecycle react-ingredients@1.0.0~start: react-ingredients@1.0.0
8 verbose lifecycle react-ingredients@1.0.0~start: unsafe-perm in lifecycle true
9 verbose lifecycle react-ingredients@1.0.0~start: PATH: /usr/local/lib/node_modules/npm/bin/node-gyp-bin:/Users/arthurhead/Desktop/Programs/react/react-ingredients/node_modules/.bin:/usr/local/bin:/usr/local/heroku/bin:/usr/local/bin:/usr/local/sbin:~/bin:/Users/arthurhead/.rbenv/bin:/usr/local/bin:/usr/bin:/bin:/usr/sbin:/sbin:/usr/local/git/bin:/opt/ImageMagick/bin
10 verbose lifecycle react-ingredients@1.0.0~start: CWD: /Users/arthurhead/Desktop/Programs/react/react-ingredients
11 silly lifecycle react-ingredients@1.0.0~start: Args: [ '-c',
11 silly lifecycle   ' watchify src/main.jsx [ babelify -- presets [ react ] ] -o public/js/main.js ' ]
12 silly lifecycle react-ingredients@1.0.0~start: Returned: code: 8  signal: null
13 info lifecycle react-ingredients@1.0.0~start: Failed to exec start script
14 verbose stack Error: react-ingredients@1.0.0 start: ` watchify src/main.jsx [ babelify -- presets [ react ] ] -o public/js/main.js `
14 verbose stack Exit status 8
14 verbose stack     at EventEmitter.<anonymous> (/usr/local/lib/node_modules/npm/lib/utils/lifecycle.js:239:16)
14 verbose stack     at EventEmitter.emit (events.js:98:17)
14 verbose stack     at ChildProcess.<anonymous> (/usr/local/lib/node_modules/npm/lib/utils/spawn.js:24:14)
14 verbose stack     at ChildProcess.emit (events.js:98:17)
14 verbose stack     at maybeClose (child_process.js:756:16)
14 verbose stack     at Process.ChildProcess._handle.onexit (child_process.js:823:5)
15 verbose pkgid react-ingredients@1.0.0
16 verbose cwd /Users/arthurhead/Desktop/Programs/react/react-ingredients
17 error Darwin 15.2.0
18 error argv "node" "/usr/local/bin/npm" "start"
19 error node v0.10.32
20 error npm  v3.8.3
21 error code ELIFECYCLE
22 error react-ingredients@1.0.0 start: ` watchify src/main.jsx [ babelify -- presets [ react ] ] -o public/js/main.js `
22 error Exit status 8
23 error Failed at the react-ingredients@1.0.0 start script ' watchify src/main.jsx [ babelify -- presets [ react ] ] -o public/js/main.js '.
23 error Make sure you have the latest version of node.js and npm installed.
23 error If you do, this is most likely a problem with the react-ingredients package,
23 error not with npm itself.
23 error Tell the author that this fails on your system:
23 error      watchify src/main.jsx [ babelify -- presets [ react ] ] -o public/js/main.js
23 error You can get information on how to open an issue for this project with:
23 error     npm bugs react-ingredients
23 error Or if that isn't available, you can get their info via:
23 error     npm owner ls react-ingredients
23 error There is likely additional logging output above.
24 verbose exit [ 1, true ]
